<?xml version="1.0" encoding="UTF-8" ?>
<testsuite errors="0" failures="0" hostname="WIN-9DGWQQ2" name="org.gjt.sp.jedit.textarea.ScreenLineManagerTest" skipped="0" tests="30" time="0.201" timestamp="2021-12-14T21:34:29">
  <properties>
    <property name="sun.boot.library.path.ivy.instance" value="C:\Program Files\Java\jdk-11.0.12\bin" />
    <property name="java.specification.version" value="11" />
    <property name="java.specification.version.ivy.instance" value="11" />
    <property name="sun.cpu.endian.ivy.instance" value="little" />
    <property name="sun.cpu.isalist" value="amd64" />
    <property name="config.lib.dir" value="lib" />
    <property name="manual.filename.prefix" value="jedit5.6.0manual-" />
    <property name="sun.arch.data.model" value="64" />
    <property name="ivy.home" value="C:\Users\Lake\.ivy2" />
    <property name="java.vendor.url" value="https://openjdk.java.net/" />
    <property name="java.version.ivy.instance" value="11.0.12" />
    <property name="ivy.default.conf.dir.ivy.instance" value="jar:file:/C:/Users/Lake/Documents/VSCode%20Repositories/cs3354-f21-team12/lib/ivy/ivy-2.2.0.jar!/org/apache/ivy/core/settings" />
    <property name="ivy.conf.dir" value="C:\Users\Lake\Documents\VSCode Repositories\cs3354-f21-team12\build" />
    <property name="sun.boot.library.path" value="C:\Program Files\Java\jdk-11.0.12\bin" />
    <property name="sun.java.command" value="org.apache.tools.ant.taskdefs.optional.junit.JUnitTestRunner testsfile=C:\Users\Lake\Documents\VSCode Repositories\cs3354-f21-team12\junittestcases2054414123315755040.properties skipNonTests=false filtertrace=true haltOnError=false haltOnFailure=false formatter=org.apache.tools.ant.taskdefs.optional.junit.SummaryJUnitResultFormatter showoutput=true outputtoformatters=true logfailedtests=true threadid=0 logtestlistenerevents=true formatter=org.apache.tools.ant.taskdefs.optional.junit.XMLJUnitResultFormatter,C:\Users\Lake\Documents\VSCode Repositories\cs3354-f21-team12\build\test\raw-reports\IGNORETHIS.xml crashfile=C:\Users\Lake\Documents\VSCode Repositories\cs3354-f21-team12\junitvmwatcher971048489360827946.properties propsfile=C:\Users\Lake\Documents\VSCode Repositories\cs3354-f21-team12\junit4546912927838299666.properties" />
    <property name="os.version.ivy.instance" value="10.0" />
    <property name="ivy.retrieve.pattern.ivy.instance" value="C:\Users\Lake\Documents\VSCode Repositories\cs3354-f21-team12/lib/[artifact]-[revision](-[classifier]).[ext]" />
    <property name="user.dir.ivy.instance" value="C:\Users\Lake\Documents\VSCode Repositories\cs3354-f21-team12" />
    <property name="sun.jnu.encoding.ivy.instance" value="Cp1252" />
    <property name="jdk.debug" value="release" />
    <property name="ivy.revision" value="working@WIN-9DGWQQ2" />
    <property name="java.vendor.version.ivy.instance" value="18.9" />
    <property name="java.specification.vendor" value="Oracle Corporation" />
    <property name="java.vm.version.ivy.instance" value="11.0.12+8-LTS-237" />
    <property name="file.separator.ivy.instance" value="\" />
    <property name="java.version.date" value="2021-07-20" />
    <property name="java.home" value="C:\Program Files\Java\jdk-11.0.12" />
    <property name="basedir" value="C:\Users\Lake\Documents\VSCode Repositories\cs3354-f21-team12" />
    <property name="ivy.jar.file" value="C:\Users\Lake\Documents\VSCode Repositories\cs3354-f21-team12\lib\ivy\ivy-2.2.0.jar" />
    <property name="sun.desktop.ivy.instance" value="windows" />
    <property name="java.specification.name" value="Java Platform API Specification" />
    <property name="java.vm.specification.vendor" value="Oracle Corporation" />
    <property name="user.timezone.ivy.instance" value="America/Chicago" />
    <property name="ivy.conf.file" value="C:\Users\Lake\Documents\VSCode Repositories\cs3354-f21-team12\build\ivysettings.xml" />
    <property name="user.script.ivy.instance" value="" />
    <property name="user.variant.ivy.instance" value="" />
    <property name="ivy.basedir.ivy.instance" value="C:\Users\Lake\Documents\VSCode Repositories\cs3354-f21-team12" />
    <property name="ivy.resolve.default.type.filter.ivy.instance" value="*" />
    <property name="ivy.default.ivy.user.dir" value="C:\Users\Lake\.ivy2" />
    <property name="ivy.lib.dir.ivy.instance" value="C:\Users\Lake\Documents\VSCode Repositories\cs3354-f21-team12/lib" />
    <property name="user.script" value="" />
    <property name="sun.management.compiler" value="HotSpot 64-Bit Tiered Compilers" />
    <property name="ivy.cache.dir" value="C:\Users\Lake\.ivy2\cache" />
    <property name="java.runtime.version" value="11.0.12+8-LTS-237" />
    <property name="init.done" value="true" />
    <property name="java.runtime.name.ivy.instance" value="Java(TM) SE Runtime Environment" />
    <property name="sun.io.unicode.encoding.ivy.instance" value="UnicodeLittle" />
    <property name="basedir.ivy.instance" value="C:\Users\Lake\Documents\VSCode Repositories\cs3354-f21-team12" />
    <property name="polyglot.js.nashorn-compat" value="true" />
    <property name="file.encoding" value="Cp1252" />
    <property name="ivy.dep.file" value="ivy.xml" />
    <property name="os.name.ivy.instance" value="Windows 10" />
    <property name="user.language.ivy.instance" value="en" />
    <property name="ivy.settings.file" value="ivysettings.xml" />
    <property name="config.build.compilerarg" value="-Xlint:unchecked -Xlint:finally -Xlint:fallthrough -Xmaxwarns 1000" />
    <property name="java.vendor.version" value="18.9" />
    <property name="java.vm.specification.version.ivy.instance" value="11" />
    <property name="ivy.local.default.ivy.pattern" value="[organisation]/[module]/[revision]/[type]s/[artifact].[ext]" />
    <property name="line.separator.ivy.instance" value="&#xd;&#xa;" />
    <property name="java.vendor.url.ivy.instance" value="https://openjdk.java.net/" />
    <property name="java.io.tmpdir" value="C:\Users\Lake\AppData\Local\Temp\" />
    <property name="java.version" value="11.0.12" />
    <property name="ivy.resolved.file" value="C:\Users\Lake\Documents\VSCode Repositories\cs3354-f21-team12\ivy.xml" />
    <property name="java.vm.specification.name.ivy.instance" value="Java Virtual Machine Specification" />
    <property name="ivy.settings.dir.ivy.instance" value="C:\Users\Lake\Documents\VSCode Repositories\cs3354-f21-team12\build" />
    <property name="java.vm.specification.name" value="Java Virtual Machine Specification" />
    <property name="java.awt.printerjob" value="sun.awt.windows.WPrinterJob" />
    <property name="sun.cpu.isalist.ivy.instance" value="amd64" />
    <property name="lib.dir" value="C:\Users\Lake\Documents\VSCode Repositories\cs3354-f21-team12\lib" />
    <property name="file.encoding.ivy.instance" value="Cp1252" />
    <property name="ivy.deliver.ivy.pattern" value="C:\Users\Lake\Documents\VSCode Repositories\cs3354-f21-team12/distrib/[type]s/[artifact]-[revision](-[classifier]).[ext]" />
    <property name="ivy.status" value="integration" />
    <property name="java.library.path" value="C:\Program Files\Java\jdk-11.0.12\bin;C:\WINDOWS\Sun\Java\bin;C:\WINDOWS\system32;C:\WINDOWS;C:\Program Files\Common Files\Oracle\Java\javapath;C:\Program Files (x86)\Common Files\Oracle\Java\javapath;C:\WINDOWS\system32;C:\WINDOWS;C:\WINDOWS\System32\Wbem;C:\WINDOWS\System32\WindowsPowerShell\v1.0\;C:\WINDOWS\System32\OpenSSH\;C:\Program Files\dotnet\;C:\Program Files (x86)\dotnet\;C:\Program Files\PuTTY\;C:\Program Files\Git\cmd;C:\Users\Lake\Documents\ApacheAnt\bin;C:\Program Files\apache-maven-3.8.4\bin;C:\Program Files\Java\jdk-11.0.12\bin;C:\Program Files (x86)\apache-ivy-2.5.0;C:\Users\Lake\AppData\Local\Programs\AdoptOpenJDK\bin;C:\Users\Lake\AppData\Local\Microsoft\WindowsApps;C:\Users\Lake\AppData\Local\Programs\Microsoft VS Code\bin;C:\Users\Lake\AppData\Local\GitHubDesktop\bin;;." />
    <property name="ant.file.jedit" value="C:\Users\Lake\Documents\VSCode Repositories\cs3354-f21-team12\build.xml" />
    <property name="java.vendor" value="Oracle Corporation" />
    <property name="ivy.jar.present" value="true" />
    <property name="sun.io.unicode.encoding" value="UnicodeLittle" />
    <property name="sun.arch.data.model.ivy.instance" value="64" />
    <property name="ivy.default.ivy.user.dir.ivy.instance" value="C:\Users\Lake\.ivy2" />
    <property name="textAreaPackage" value="C:\Users\Lake\Documents\VSCode Repositories\textarea" />
    <property name="sun.desktop" value="windows" />
    <property name="ant.file.type" value="file" />
    <property name="ivy.configurations.ivy.instance" value="*" />
    <property name="java.io.tmpdir.ivy.instance" value="C:\Users\Lake\AppData\Local\Temp\" />
    <property name="java.version.date.ivy.instance" value="2021-07-20" />
    <property name="ivy.default.settings.dir.ivy.instance" value="jar:file:/C:/Users/Lake/Documents/VSCode%20Repositories/cs3354-f21-team12/lib/ivy/ivy-2.2.0.jar!/org/apache/ivy/core/settings" />
    <property name="ivy.shared.default.ivy.pattern" value="[organisation]/[module]/[revision]/[type]s/[artifact].[ext]" />
    <property name="ivy.shared.default.root" value="C:\Users\Lake\.ivy2/shared" />
    <property name="ivy.shared.default.ivy.pattern.ivy.instance" value="[organisation]/[module]/[revision]/[type]s/[artifact].[ext]" />
    <property name="user.timezone" value="" />
    <property name="ivy.jar.dir" value="C:\Users\Lake\Documents\VSCode Repositories\cs3354-f21-team12\lib\ivy" />
    <property name="java.vm.specification.version" value="11" />
    <property name="os.name" value="Windows 10" />
    <property name="ivy.deps.changed" value="false" />
    <property name="config.build.nowarn" value="false" />
    <property name="target.java.version" value="11" />
    <property name="ivy.lib.dir" value="C:\Users\Lake\Documents\VSCode Repositories\cs3354-f21-team12/lib" />
    <property name="user.home" value="C:\Users\Lake" />
    <property name="ant.file.type.jedit" value="file" />
    <property name="win.filename" value="jedit5.6.0install" />
    <property name="jar.location" value="C:\Users\Lake\Documents\VSCode Repositories\cs3354-f21-team12\build" />
    <property name="sun.java.command.ivy.instance" value="org.apache.tools.ant.launch.Launcher retrieve build run" />
    <property name="java.class.path.ivy.instance" value="C:\Users\Lake\Documents\ApacheAnt\lib\ant-launcher.jar;C:\Users\Lake\Documents\ApacheAnt\lib\ant-antlr.jar;C:\Users\Lake\Documents\ApacheAnt\lib\ant-apache-bcel.jar;C:\Users\Lake\Documents\ApacheAnt\lib\ant-apache-bsf.jar;C:\Users\Lake\Documents\ApacheAnt\lib\ant-apache-log4j.jar;C:\Users\Lake\Documents\ApacheAnt\lib\ant-apache-oro.jar;C:\Users\Lake\Documents\ApacheAnt\lib\ant-apache-regexp.jar;C:\Users\Lake\Documents\ApacheAnt\lib\ant-apache-resolver.jar;C:\Users\Lake\Documents\ApacheAnt\lib\ant-apache-xalan2.jar;C:\Users\Lake\Documents\ApacheAnt\lib\ant-commons-logging.jar;C:\Users\Lake\Documents\ApacheAnt\lib\ant-commons-net.jar;C:\Users\Lake\Documents\ApacheAnt\lib\ant-imageio.jar;C:\Users\Lake\Documents\ApacheAnt\lib\ant-jai.jar;C:\Users\Lake\Documents\ApacheAnt\lib\ant-javamail.jar;C:\Users\Lake\Documents\ApacheAnt\lib\ant-jdepend.jar;C:\Users\Lake\Documents\ApacheAnt\lib\ant-jmf.jar;C:\Users\Lake\Documents\ApacheAnt\lib\ant-jsch.jar;C:\Users\Lake\Documents\ApacheAnt\lib\ant-junit.jar;C:\Users\Lake\Documents\ApacheAnt\lib\ant-junit4.jar;C:\Users\Lake\Documents\ApacheAnt\lib\ant-junitlauncher.jar;C:\Users\Lake\Documents\ApacheAnt\lib\ant-launcher.jar;C:\Users\Lake\Documents\ApacheAnt\lib\ant-netrexx.jar;C:\Users\Lake\Documents\ApacheAnt\lib\ant-swing.jar;C:\Users\Lake\Documents\ApacheAnt\lib\ant-testutil.jar;C:\Users\Lake\Documents\ApacheAnt\lib\ant-xz.jar;C:\Users\Lake\Documents\ApacheAnt\lib\ant.jar" />
    <property name="ivy.publish.src.artifacts.pattern.ivy.instance" value="C:\Users\Lake\Documents\VSCode Repositories\cs3354-f21-team12/distrib/[type]s/[artifact]-[revision](-[classifier]).[ext]" />
    <property name="ivy.checksums" value="sha1,md5" />
    <property name="java.awt.graphicsenv" value="sun.awt.Win32GraphicsEnvironment" />
    <property name="ivy.default.settings.dir" value="jar:file:/C:/Users/Lake/Documents/VSCode%20Repositories/cs3354-f21-team12/lib/ivy/ivy-2.2.0.jar!/org/apache/ivy/core/settings" />
    <property name="ivy.version" value="2.2.0" />
    <property name="java.vm.info.ivy.instance" value="mixed mode" />
    <property name="ivy.distrib.dir" value="C:\Users\Lake\Documents\VSCode Repositories\cs3354-f21-team12/distrib" />
    <property name="ant.library.dir.ivy.instance" value="C:\Users\Lake\Documents\ApacheAnt\lib" />
    <property name="ivy.settings.url.ivy.instance" value="file:/C:/Users/Lake/Documents/VSCode%20Repositories/cs3354-f21-team12/build/ivysettings.xml" />
    <property name="ant.file" value="C:\Users\Lake\Documents\VSCode Repositories\cs3354-f21-team12\build.xml" />
    <property name="ivy.project.dir" value="C:\Users\Lake\Documents\VSCode Repositories\cs3354-f21-team12" />
    <property name="awt.toolkit.ivy.instance" value="sun.awt.windows.WToolkit" />
    <property name="path.separator" value=";" />
    <property name="os.version" value="10.0" />
    <property name="ivy.default.always.check.exact.revision.ivy.instance" value="false" />
    <property name="java.vm.name" value="Java HotSpot(TM) 64-Bit Server VM" />
    <property name="ivy.buildlist.ivyfilepath" value="ivy.xml" />
    <property name="os.arch" value="amd64" />
    <property name="config.build.debuglevel" value="lines,vars,source" />
    <property name="ivy.shared.default.root.ivy.instance" value="C:\Users\Lake\.ivy2/shared" />
    <property name="ivy.deliver.ivy.pattern.ivy.instance" value="C:\Users\Lake\Documents\VSCode Repositories\cs3354-f21-team12/distrib/[type]s/[artifact]-[revision](-[classifier]).[ext]" />
    <property name="java.vm.info" value="mixed mode" />
    <property name="ivy.conf.dir.ivy.instance" value="C:\Users\Lake\Documents\VSCode Repositories\cs3354-f21-team12\build" />
    <property name="user.country.ivy.instance" value="US" />
    <property name="java.class.version" value="55.0" />
    <property name="ivy.jar.filename" value="ivy-2.2.0.jar" />
    <property name="ant.project.default-target" value="build" />
    <property name="awt.toolkit" value="sun.awt.windows.WToolkit" />
    <property name="ant.library.dir" value="C:\Users\Lake\Documents\ApacheAnt\lib" />
    <property name="ivy.cache.dir.ivy.instance" value="C:\Users\Lake\.ivy2\cache" />
    <property name="ant.project.name" value="jedit" />
    <property name="jdk.debug.ivy.instance" value="release" />
    <property name="sun.jnu.encoding" value="Cp1252" />
    <property name="java.specification.name.ivy.instance" value="Java Platform API Specification" />
    <property name="ivy.settings.file.ivy.instance" value="C:\Users\Lake\Documents\VSCode Repositories\cs3354-f21-team12\build\ivysettings.xml" />
    <property name="jar.filename" value="jedit.jar" />
    <property name="ivy.default.conf.dir" value="jar:file:/C:/Users/Lake/Documents/VSCode%20Repositories/cs3354-f21-team12/lib/ivy/ivy-2.2.0.jar!/org/apache/ivy/core/settings" />
    <property name="java.runtime.version.ivy.instance" value="11.0.12+8-LTS-237" />
    <property name="java.vm.specification.vendor.ivy.instance" value="Oracle Corporation" />
    <property name="ivy.local.default.artifact.pattern.ivy.instance" value="[organisation]/[module]/[revision]/[type]s/[artifact].[ext]" />
    <property name="ivy.build.artifacts.dir.ivy.instance" value="C:\Users\Lake\Documents\VSCode Repositories\cs3354-f21-team12/build/artifacts" />
    <property name="ivy.settings.dir" value="C:\Users\Lake\Documents\VSCode Repositories\cs3354-f21-team12\build" />
    <property name="config.ivy.version" value="2.2.0" />
    <property name="sun.java.launcher.ivy.instance" value="SUN_STANDARD" />
    <property name="ivy.local.default.root.ivy.instance" value="C:\Users\Lake\.ivy2/local" />
    <property name="java.awt.graphicsenv.ivy.instance" value="sun.awt.Win32GraphicsEnvironment" />
    <property name="ivy.local.default.artifact.pattern" value="[organisation]/[module]/[revision]/[type]s/[artifact].[ext]" />
    <property name="mac.disk.image.filename" value="jedit5.6.0install.dmg" />
    <property name="java.class.version.ivy.instance" value="55.0" />
    <property name="sun.stderr.encoding" value="cp437" />
    <property name="jedit.version.final" value="true" />
    <property name="ivy.resolve.default.type.filter" value="*" />
    <property name="org.apache.tools.ant.taskdefs.optional.junit.AggregateTransformer0" value="C:\Users\Lake\AppData\Local\Temp\null1502453015" />
    <property name="sun.management.compiler.ivy.instance" value="HotSpot 64-Bit Tiered Compilers" />
    <property name="ivy.cache.ttl.default.ivy.instance" value="10s" />
    <property name="file.separator" value="\" />
    <property name="java.vm.compressedOopsMode" value="Zero based" />
    <property name="ivy.dep.file.ivy.instance" value="ivy.xml" />
    <property name="sun.stdout.encoding" value="cp437" />
    <property name="line.separator" value="&#xd;&#xa;" />
    <property name="ivy.organisation" value="org.jedit" />
    <property name="ivy.buildlist.ivyfilepath.ivy.instance" value="ivy.xml" />
    <property name="java.vm.compressedOopsMode.ivy.instance" value="Zero based" />
    <property name="src.archive.filename" value="jedit5.6.0source.tar.bz2" />
    <property name="user.name" value="Lake" />
    <property name="sun.os.patch.level.ivy.instance" value="" />
    <property name="sun.stderr.encoding.ivy.instance" value="cp437" />
    <property name="ivy.publish.src.artifacts.pattern" value="C:\Users\Lake\Documents\VSCode Repositories\cs3354-f21-team12/distrib/[type]s/[artifact]-[revision](-[classifier]).[ext]" />
    <property name="dist.dir" value="C:\Users\Lake\Documents\VSCode Repositories\cs3354-f21-team12\dist" />
    <property name="build.dir" value="C:\Users\Lake\Documents\VSCode Repositories\cs3354-f21-team12\build" />
    <property name="jedit.version" value="5.6.0" />
    <property name="ant.home" value="C:\Users\Lake\Documents\ApacheAnt" />
    <property name="ivy.module" value="jedit" />
    <property name="sun.os.patch.level" value="" />
    <property name="ant.version" value="Apache Ant(TM) version 1.10.12 compiled on October 13 2021" />
    <property name="ivy.report.output.pattern" value="[organisation]-[module]-[conf].[ext]" />
    <property name="ivy.log.modules.in.use" value="false" />
    <property name="ivy.nb.targets.copied" value="0" />
    <property name="ivy.conf.url.ivy.instance" value="file:/C:/Users/Lake/Documents/VSCode%20Repositories/cs3354-f21-team12/build/ivysettings.xml" />
    <property name="classes.dir" value="C:\Users\Lake\Documents\VSCode Repositories\cs3354-f21-team12\build\classes" />
    <property name="os.arch.ivy.instance" value="amd64" />
    <property name="java.library.path.ivy.instance" value="C:\Program Files\Java\jdk-11.0.12\bin;C:\WINDOWS\Sun\Java\bin;C:\WINDOWS\system32;C:\WINDOWS;C:\Program Files\Common Files\Oracle\Java\javapath;C:\Program Files (x86)\Common Files\Oracle\Java\javapath;C:\WINDOWS\system32;C:\WINDOWS;C:\WINDOWS\System32\Wbem;C:\WINDOWS\System32\WindowsPowerShell\v1.0\;C:\WINDOWS\System32\OpenSSH\;C:\Program Files\dotnet\;C:\Program Files (x86)\dotnet\;C:\Program Files\PuTTY\;C:\Program Files\Git\cmd;C:\Users\Lake\Documents\ApacheAnt\bin;C:\Program Files\apache-maven-3.8.4\bin;C:\Program Files\Java\jdk-11.0.12\bin;C:\Program Files (x86)\apache-ivy-2.5.0;C:\Users\Lake\AppData\Local\Programs\AdoptOpenJDK\bin;C:\Users\Lake\AppData\Local\Microsoft\WindowsApps;C:\Users\Lake\AppData\Local\Programs\Microsoft VS Code\bin;C:\Users\Lake\AppData\Local\GitHubDesktop\bin;;." />
    <property name="ivy.shared.default.artifact.pattern.ivy.instance" value="[organisation]/[module]/[revision]/[type]s/[artifact].[ext]" />
    <property name="user.home.ivy.instance" value="C:\Users\Lake" />
    <property name="java.vendor.url.bug.ivy.instance" value="https://bugreport.java.com/bugreport/" />
    <property name="ivy.local.default.root" value="C:\Users\Lake\.ivy2/local" />
    <property name="java.class.path" value="C:\Users\Lake\Documents\VSCode Repositories\cs3354-f21-team12\lib\test\apiguardian-api.jar;C:\Users\Lake\Documents\VSCode Repositories\cs3354-f21-team12\lib\test\byte-buddy-agent.jar;C:\Users\Lake\Documents\VSCode Repositories\cs3354-f21-team12\lib\test\byte-buddy.jar;C:\Users\Lake\Documents\VSCode Repositories\cs3354-f21-team12\lib\test\hamcrest-core.jar;C:\Users\Lake\Documents\VSCode Repositories\cs3354-f21-team12\lib\test\hamcrest-library.jar;C:\Users\Lake\Documents\VSCode Repositories\cs3354-f21-team12\lib\test\hamcrest.jar;C:\Users\Lake\Documents\VSCode Repositories\cs3354-f21-team12\lib\test\jsr305.jar;C:\Users\Lake\Documents\VSCode Repositories\cs3354-f21-team12\lib\test\junit-jupiter-api.jar;C:\Users\Lake\Documents\VSCode Repositories\cs3354-f21-team12\lib\test\junit-platform-commons.jar;C:\Users\Lake\Documents\VSCode Repositories\cs3354-f21-team12\lib\test\junit.jar;C:\Users\Lake\Documents\VSCode Repositories\cs3354-f21-team12\lib\test\mockito-core.jar;C:\Users\Lake\Documents\VSCode Repositories\cs3354-f21-team12\lib\test\mockito-junit-jupiter.jar;C:\Users\Lake\Documents\VSCode Repositories\cs3354-f21-team12\lib\test\objenesis.jar;C:\Users\Lake\Documents\VSCode Repositories\cs3354-f21-team12\lib\test\opentest4j.jar;C:\Users\Lake\Documents\VSCode Repositories\cs3354-f21-team12\build\classes\core;C:\Users\Lake\Documents\VSCode Repositories\cs3354-f21-team12\build\classes\test;C:\Users\Lake\Documents\ApacheAnt\lib\ant.jar;C:\Users\Lake\Documents\ApacheAnt\lib\ant-junit.jar;C:\Users\Lake\Documents\ApacheAnt\lib\ant-junit4.jar" />
    <property name="java.vm.vendor" value="Oracle Corporation" />
    <property name="java.awt.printerjob.ivy.instance" value="sun.awt.windows.WPrinterJob" />
    <property name="jEdit.keymap" value="#{{{ Function keys&#xd;&#xa;help.shortcut=F1&#xd;&#xa;show-context-menu.shortcut=CONTEXT_MENU&#xd;&#xa;#}}}&#xd;&#xa;&#xd;&#xa;#{{{ C+X&#xd;&#xa;select-all.shortcut=C+a&#xd;&#xa;complete-word.shortcut=C+b&#xd;&#xa;copy.shortcut=C+c&#xd;&#xa;delete-line.shortcut=C+d&#xd;&#xa;# C+e is a prefix&#xd;&#xa;find.shortcut=C+f&#xd;&#xa;find-next.shortcut=F3&#xd;&#xa;# C+h is not usable on MacOS X&#xd;&#xa;indent-lines.shortcut=C+i&#xd;&#xa;join-lines.shortcut=C+j&#xd;&#xa;swap-marker.shortcut=C+k&#xd;&#xa;goto-line.shortcut=C+g&#xd;&#xa;# C+m is a prefix&#xd;&#xa;new-file.shortcut=C+n&#xd;&#xa;new-file-in-mode.shortcut=CS+n&#xd;&#xa;open-file.shortcut=C+o&#xd;&#xa;reload.shortcut=F5&#xd;&#xa;print.shortcut=C+p&#xd;&#xa;exit.shortcut=C+q&#xd;&#xa;# C+r is a prefix&#xd;&#xa;save.shortcut=C+s&#xd;&#xa;add-marker-shortcut.shortcut=C+t&#xd;&#xa;select-marker.shortcut=C+u&#xd;&#xa;paste.shortcut=C+v&#xd;&#xa;close-buffer.shortcut=C+w&#xd;&#xa;cut.shortcut=C+x&#xd;&#xa;goto-marker.shortcut=C+y&#xd;&#xa;undo.shortcut=C+z&#xd;&#xa;unsplit-current.shortcut=C+0&#xd;&#xa;unsplit.shortcut=C+1&#xd;&#xa;split-horizontal.shortcut=C+2&#xd;&#xa;split-vertical.shortcut=C+3&#xd;&#xa;resplit.shortcut=C+4&#xd;&#xa;#}}}&#xd;&#xa;&#xd;&#xa;#{{{ C+non-alpha&#xd;&#xa;delete-start-line.shortcut=CS+BACK_SPACE&#xd;&#xa;delete-end-line.shortcut=CS+DELETE&#xd;&#xa;prev-paragraph.shortcut=C+UP&#xd;&#xa;next-paragraph.shortcut=C+DOWN&#xd;&#xa;select-prev-paragraph.shortcut=CS+UP&#xd;&#xa;select-next-paragraph.shortcut=CS+DOWN&#xd;&#xa;backspace-word.shortcut=C+BACK_SPACE&#xd;&#xa;delete-word.shortcut=C+DELETE&#xd;&#xa;document-home.shortcut=C+HOME&#xd;&#xa;document-end.shortcut=C+END&#xd;&#xa;select-document-home.shortcut=CS+HOME&#xd;&#xa;select-document-end.shortcut=CS+END&#xd;&#xa;prev-word.shortcut=C+LEFT&#xd;&#xa;select-prev-word.shortcut=CS+LEFT&#xd;&#xa;next-word.shortcut=C+RIGHT&#xd;&#xa;select-next-word.shortcut=CS+RIGHT&#xd;&#xa;action-bar.shortcut=C+ENTER&#xd;&#xa;prev-buffer.shortcut=C+PAGE_UP&#xd;&#xa;next-buffer.shortcut=C+PAGE_DOWN&#xd;&#xa;last-action.shortcut=C+SPACE&#xd;&#xa;&#xd;&#xa;recent-buffer.shortcut=C+BACK_QUOTE&#xd;&#xa;select-block.shortcut=C+OPEN_BRACKET&#xd;&#xa;match-bracket.shortcut=C+CLOSE_BRACKET&#xd;&#xa;expand-abbrev.shortcut=C+SEMICOLON&#xd;&#xa;quick-search.shortcut=C+COMMA&#xd;&#xa;hypersearch.shortcut=C+PERIOD&#xd;&#xa;scroll-up-line.shortcut=C+QUOTE&#xd;&#xa;scroll-down-line.shortcut=C+SLASH&#xd;&#xa;toggle-multi-select.shortcut=C+BACK_SLASH&#xd;&#xa;#}}}&#xd;&#xa;&#xd;&#xa;#{{{ C+e C+X&#xd;&#xa;# Unused: f, h, q, y&#xd;&#xa;copy-append.shortcut=C+e C+a&#xd;&#xa;search-in-open-buffers.shortcut=C+e C+b&#xd;&#xa;range-comment.shortcut=C+e C+c&#xd;&#xa;search-in-directory.shortcut=C+e C+d&#xd;&#xa;replace-and-find-next.shortcut=C+e C+g&#xd;&#xa;ignore-case.shortcut=C+e C+i&#xd;&#xa;scroll-to-current-line.shortcut=C+e C+j&#xd;&#xa;line-comment.shortcut=C+e C+k&#xd;&#xa;select-line-range.shortcut=C+e C+l&#xd;&#xa;add-marker.shortcut=C+e C+m&#xd;&#xa;center-caret.shortcut=C+e C+n&#xd;&#xa;scroll-and-center.shortcut=C+l&#xd;&#xa;open-path.shortcut=C+e C+o&#xd;&#xa;vertical-paste.shortcut=C+e C+p&#xd;&#xa;replace-in-selection.shortcut=C+e C+r&#xd;&#xa;save-all.shortcut=C+e C+s&#xd;&#xa;toggle-line-numbers.shortcut=C+e C+t&#xd;&#xa;cut-append.shortcut=C+e C+u&#xd;&#xa;paste-previous.shortcut=C+e C+v&#xd;&#xa;close-all.shortcut=C+e C+w&#xd;&#xa;regexp.shortcut=C+e C+x&#xd;&#xa;paste-deleted.shortcut=C+e C+y&#xd;&#xa;redo.shortcut=C+e C+z&#xd;&#xa;#}}}&#xd;&#xa;&#xd;&#xa;#{{{ C+e C+non-alpha&#xd;&#xa;left-docking-area.shortcut=C+e C+LEFT&#xd;&#xa;top-docking-area.shortcut=C+e C+UP&#xd;&#xa;right-docking-area.shortcut=C+e C+RIGHT&#xd;&#xa;bottom-docking-area.shortcut=C+e C+DOWN&#xd;&#xa;toggle-full-screen.shortcut=F11&#xd;&#xa;toggle-dock-areas.shortcut=F12&#xd;&#xa;combined-options.shortcut=C+F12&#xd;&#xa;prev-marker.shortcut=C+e C+COMMA&#xd;&#xa;next-marker.shortcut=C+e C+PERIOD&#xd;&#xa;prev-bracket.shortcut=C+e C+OPEN_BRACKET&#xd;&#xa;next-bracket.shortcut=C+e C+CLOSE_BRACKET&#xd;&#xa;close-docking-area.shortcut=C+e C+BACK_QUOTE&#xd;&#xa;#}}}&#xd;&#xa;&#xd;&#xa;#{{{ C+e X&#xd;&#xa;# Unused: b e g h j k m o q t y z&#xd;&#xa;add-explicit-fold.shortcut=C+e a&#xd;&#xa;collapse-all-folds.shortcut=C+e c&#xd;&#xa;delete-paragraph.shortcut=C+e d&#xd;&#xa;format-paragraph.shortcut=C+e f&#xd;&#xa;find-previous.shortcut=C+e g&#xd;&#xa;invert-selection.shortcut=C+e i&#xd;&#xa;select-line.shortcut=C+e l&#xd;&#xa;narrow-to-fold.shortcut=C+e n n&#xd;&#xa;narrow-to-selection.shortcut=C+e n s&#xd;&#xa;select-paragraph.shortcut=C+e p&#xd;&#xa;remove-trailing-ws.shortcut=C+e r&#xd;&#xa;select-fold.shortcut=C+e s&#xd;&#xa;insert-literal.shortcut=C+e v&#xd;&#xa;select-word.shortcut=C+e w&#xd;&#xa;parent-fold.shortcut=C+e u&#xd;&#xa;expand-all-folds.shortcut=C+e x&#xd;&#xa;#}}}&#xd;&#xa;&#xd;&#xa;#{{{ C+e non-alpha&#xd;&#xa;expand-folds.shortcut=C+e ENTER&#xd;&#xa;#}}}&#xd;&#xa;&#xd;&#xa;#{{{ C+m C+X&#xd;&#xa;record-temp-macro.shortcut=C+m C+m&#xd;&#xa;run-temp-macro.shortcut=C+m C+p&#xd;&#xa;record-macro.shortcut=C+m C+r&#xd;&#xa;stop-recording.shortcut=C+m C+s&#xd;&#xa;last-macro.shortcut=C+m C+l&#xd;&#xa;#}}}&#xd;&#xa;&#xd;&#xa;#{{{ C+r C+X&#xd;&#xa;copy-append-string-register.shortcut=C+r C+a&#xd;&#xa;copy-string-register.shortcut=C+r C+c&#xd;&#xa;clear-register.shortcut=C+r C+l&#xd;&#xa;vertical-paste-string-register.shortcut=C+r C+p&#xd;&#xa;cut-append-string-register.shortcut=C+r C+u&#xd;&#xa;paste-string-register.shortcut=C+r C+v&#xd;&#xa;cut-string-register.shortcut=C+r C+x&#xd;&#xa;#}}}&#xd;&#xa;&#xd;&#xa;#{{{ A+non-alpha&#xd;&#xa;prev-fold.shortcut=A+UP&#xd;&#xa;next-fold.shortcut=A+DOWN&#xd;&#xa;shift-left.shortcut=A+LEFT&#xd;&#xa;shift-right.shortcut=A+RIGHT&#xd;&#xa;collapse-fold.shortcut=A+BACK_SPACE&#xd;&#xa;expand-fold.shortcut=AS+ENTER&#xd;&#xa;expand-one-level.shortcut=A+ENTER&#xd;&#xa;quick-search-word.shortcut=A+COMMA&#xd;&#xa;hypersearch-word.shortcut=A+PERIOD&#xd;&#xa;scroll-up-page.shortcut=A+QUOTE&#xd;&#xa;scroll-down-page.shortcut=A+SLASH&#xd;&#xa;prev-textarea.shortcut=A+PAGE_UP&#xd;&#xa;next-textarea.shortcut=A+PAGE_DOWN&#xd;&#xa;&#xd;&#xa;focus-buffer-switcher.shortcut=A+BACK_QUOTE&#xd;&#xa;toggle-rect-select.shortcut=A+BACK_SLASH&#xd;&#xa;#}}}&#xd;&#xa;&#xd;&#xa;#{{{ Other keys&#xd;&#xa;shift-left.shortcut2=S+TAB&#xd;&#xa;select-none.shortcut=ESCAPE&#xd;&#xa;backspace.shortcut=BACK_SPACE&#xd;&#xa;delete.shortcut=DELETE&#xd;&#xa;overwrite.shortcut=INSERT&#xd;&#xa;home.shortcut=HOME&#xd;&#xa;end.shortcut=END&#xd;&#xa;select-home.shortcut=S+HOME&#xd;&#xa;select-end.shortcut=S+END&#xd;&#xa;prev-page.shortcut=PAGE_UP&#xd;&#xa;next-page.shortcut=PAGE_DOWN&#xd;&#xa;select-prev-page.shortcut=S+PAGE_UP&#xd;&#xa;select-next-page.shortcut=S+PAGE_DOWN&#xd;&#xa;prev-char.shortcut=LEFT&#xd;&#xa;select-prev-char.shortcut=S+LEFT&#xd;&#xa;next-char.shortcut=RIGHT&#xd;&#xa;select-next-char.shortcut=S+RIGHT&#xd;&#xa;prev-line.shortcut=UP&#xd;&#xa;select-prev-line.shortcut=S+UP&#xd;&#xa;next-line.shortcut=DOWN&#xd;&#xa;select-next-line.shortcut=S+DOWN&#xd;&#xa;insert-newline-indent.shortcut=ENTER&#xd;&#xa;insert-newline.shortcut=S+ENTER&#xd;&#xa;insert-tab-indent.shortcut=TAB&#xd;&#xa;#}}}&#xd;&#xa;&#xd;&#xa;#{{{ Alternative shortcuts for frequently-used commands&#xd;&#xa;select-next-page.shortcut2=AS+a&#xd;&#xa;select-prev-line.shortcut2=AS+i&#xd;&#xa;select-prev-char.shortcut2=AS+j&#xd;&#xa;select-next-line.shortcut2=AS+k&#xd;&#xa;select-next-char.shortcut2=AS+l&#xd;&#xa;select-prev-page.shortcut2=AS+q&#xd;&#xa;select-end.shortcut2=AS+x&#xd;&#xa;select-home.shortcut2=AS+z&#xd;&#xa;copy.shortcut2=C+INSERT&#xd;&#xa;paste.shortcut2=S+INSERT&#xd;&#xa;cut.shortcut2=S+DELETE&#xd;&#xa;#}}}&#xd;&#xa;&#xd;&#xa;#{{{ VFS browser&#xd;&#xa;vfs.browser.delete.shortcut=DELETE&#xd;&#xa;vfs.browser.home.shortcut=~&#xd;&#xa;vfs.browser.new-directory.shortcut=INSERT&#xd;&#xa;vfs.browser.new-file.shortcut=C+n&#xd;&#xa;vfs.browser.reload.shortcut=F5&#xd;&#xa;vfs.browser.rename.shortcut=F2&#xd;&#xa;vfs.browser.roots.shortcut=/&#xd;&#xa;vfs.browser.synchronize.shortcut=-&#xd;&#xa;vfs.browser.up.shortcut=A+Up&#xd;&#xa;vfs.browser.previous.shortcut=A+Left&#xd;&#xa;vfs.browser.next.shortcut=A+Right&#xd;&#xa;#}}}&#xd;&#xa;" />
    <property name="java.vendor.ivy.instance" value="Oracle Corporation" />
    <property name="user.variant" value="" />
    <property name="ivy.project.dir.ivy.instance" value="C:\Users\Lake\Documents\VSCode Repositories\cs3354-f21-team12" />
    <property name="config.build.deprecation" value="true" />
    <property name="ivy.status.ivy.instance" value="integration" />
    <property name="user.country" value="US" />
    <property name="sun.java.launcher" value="SUN_STANDARD" />
    <property name="jedit.build.number" value="05.06.99.00" />
    <property name="ivy.retrieve.pattern" value="C:\Users\Lake\Documents\VSCode Repositories\cs3354-f21-team12\lib/[conf]/[artifact](-[classifier]).[ext]" />
    <property name="sun.cpu.endian" value="little" />
    <property name="user.language" value="en" />
    <property name="ivy.checksums.ivy.instance" value="sha1,md5" />
    <property name="config.dist.dir" value="dist" />
    <property name="user.name.ivy.instance" value="Lake" />
    <property name="ivy.home.ivy.instance" value="C:\Users\Lake\.ivy2" />
    <property name="ant.java.version" value="11" />
    <property name="ivy.conf.file.ivy.instance" value="C:\Users\Lake\Documents\VSCode Repositories\cs3354-f21-team12\build\ivysettings.xml" />
    <property name="ivy.basedir" value="C:\Users\Lake\Documents\VSCode Repositories\cs3354-f21-team12" />
    <property name="java.vm.vendor.ivy.instance" value="Oracle Corporation" />
    <property name="ant.home.ivy.instance" value="C:\Users\Lake\Documents\ApacheAnt" />
    <property name="ivy.cache.ttl.default" value="10s" />
    <property name="jedit.plugins.artifact.patterns" value="&lt;artifact pattern=&quot;jar:http://ayera.dl.sourceforge.net/project/jedit-plugins/[artifact]/[revision]/[artifact]-[revision]-bin.zip!/[artifact].jar&quot; /&gt;&#xa;&lt;artifact pattern=&quot;jar:http://cfhcable.dl.sourceforge.net/project/jedit-plugins/[artifact]/[revision]/[artifact]-[revision]-bin.zip!/[artifact].jar&quot; /&gt;&#xa;&lt;artifact pattern=&quot;jar:http://deac-ams.dl.sourceforge.net/project/jedit-plugins/[artifact]/[revision]/[artifact]-[revision]-bin.zip!/[artifact].jar&quot; /&gt;&#xa;&lt;artifact pattern=&quot;jar:http://deac-fra.dl.sourceforge.net/project/jedit-plugins/[artifact]/[revision]/[artifact]-[revision]-bin.zip!/[artifact].jar&quot; /&gt;&#xa;&lt;artifact pattern=&quot;jar:http://deac-riga.dl.sourceforge.net/project/jedit-plugins/[artifact]/[revision]/[artifact]-[revision]-bin.zip!/[artifact].jar&quot; /&gt;&#xa;&lt;artifact pattern=&quot;jar:http://freefr.dl.sourceforge.net/project/jedit-plugins/[artifact]/[revision]/[artifact]-[revision]-bin.zip!/[artifact].jar&quot; /&gt;&#xa;&lt;artifact pattern=&quot;jar:http://gigenet.dl.sourceforge.net/project/jedit-plugins/[artifact]/[revision]/[artifact]-[revision]-bin.zip!/[artifact].jar&quot; /&gt;&#xa;&lt;artifact pattern=&quot;jar:http://iweb.dl.sourceforge.net/project/jedit-plugins/[artifact]/[revision]/[artifact]-[revision]-bin.zip!/[artifact].jar&quot; /&gt;&#xa;&lt;artifact pattern=&quot;jar:http://jaist.dl.sourceforge.net/project/jedit-plugins/[artifact]/[revision]/[artifact]-[revision]-bin.zip!/[artifact].jar&quot; /&gt;&#xa;&lt;artifact pattern=&quot;jar:http://jztkft.dl.sourceforge.net/project/jedit-plugins/[artifact]/[revision]/[artifact]-[revision]-bin.zip!/[artifact].jar&quot; /&gt;&#xa;&lt;artifact pattern=&quot;jar:http://kumisystems.dl.sourceforge.net/project/jedit-plugins/[artifact]/[revision]/[artifact]-[revision]-bin.zip!/[artifact].jar&quot; /&gt;&#xa;&lt;artifact pattern=&quot;jar:http://managedway.dl.sourceforge.net/project/jedit-plugins/[artifact]/[revision]/[artifact]-[revision]-bin.zip!/[artifact].jar&quot; /&gt;&#xa;&lt;artifact pattern=&quot;jar:http://nchc.dl.sourceforge.net/project/jedit-plugins/[artifact]/[revision]/[artifact]-[revision]-bin.zip!/[artifact].jar&quot; /&gt;&#xa;&lt;artifact pattern=&quot;jar:http://netactuate.dl.sourceforge.net/project/jedit-plugins/[artifact]/[revision]/[artifact]-[revision]-bin.zip!/[artifact].jar&quot; /&gt;&#xa;&lt;artifact pattern=&quot;jar:http://netcologne.dl.sourceforge.net/project/jedit-plugins/[artifact]/[revision]/[artifact]-[revision]-bin.zip!/[artifact].jar&quot; /&gt;&#xa;&lt;artifact pattern=&quot;jar:http://netix.dl.sourceforge.net/project/jedit-plugins/[artifact]/[revision]/[artifact]-[revision]-bin.zip!/[artifact].jar&quot; /&gt;&#xa;&lt;artifact pattern=&quot;jar:http://phoenixnap.dl.sourceforge.net/project/jedit-plugins/[artifact]/[revision]/[artifact]-[revision]-bin.zip!/[artifact].jar&quot; /&gt;&#xa;&lt;artifact pattern=&quot;jar:http://pilotfiber.dl.sourceforge.net/project/jedit-plugins/[artifact]/[revision]/[artifact]-[revision]-bin.zip!/[artifact].jar&quot; /&gt;&#xa;&lt;artifact pattern=&quot;jar:http://razaoinfo.dl.sourceforge.net/project/jedit-plugins/[artifact]/[revision]/[artifact]-[revision]-bin.zip!/[artifact].jar&quot; /&gt;&#xa;&lt;artifact pattern=&quot;jar:http://tenet.dl.sourceforge.net/project/jedit-plugins/[artifact]/[revision]/[artifact]-[revision]-bin.zip!/[artifact].jar&quot; /&gt;&#xa;&lt;artifact pattern=&quot;jar:http://udomain.dl.sourceforge.net/project/jedit-plugins/[artifact]/[revision]/[artifact]-[revision]-bin.zip!/[artifact].jar&quot; /&gt;&#xa;&lt;artifact pattern=&quot;jar:http://ufpr.dl.sourceforge.net/project/jedit-plugins/[artifact]/[revision]/[artifact]-[revision]-bin.zip!/[artifact].jar&quot; /&gt;&#xa;&lt;artifact pattern=&quot;jar:http://versaweb.dl.sourceforge.net/project/jedit-plugins/[artifact]/[revision]/[artifact]-[revision]-bin.zip!/[artifact].jar&quot; /&gt;&#xa;&lt;artifact pattern=&quot;jar:http://vorboss.dl.sourceforge.net/project/jedit-plugins/[artifact]/[revision]/[artifact]-[revision]-bin.zip!/[artifact].jar&quot; /&gt;&#xa;" />
    <property name="java.vm.name.ivy.instance" value="Java HotSpot(TM) 64-Bit Server VM" />
    <property name="ivy.resolver.default.check.modified.ivy.instance" value="false" />
    <property name="java.specification.vendor.ivy.instance" value="Oracle Corporation" />
    <property name="ivy.configurations" value="*" />
    <property name="polyglot.js.nashorn-compat.ivy.instance" value="true" />
    <property name="ivy.default.always.check.exact.revision" value="false" />
    <property name="java.runtime.name" value="Java(TM) SE Runtime Environment" />
    <property name="ivy.distrib.dir.ivy.instance" value="C:\Users\Lake\Documents\VSCode Repositories\cs3354-f21-team12/distrib" />
    <property name="ant.project.invoked-targets" value="retrieve,build,run" />
    <property name="ant.core.lib" value="C:\Users\Lake\Documents\ApacheAnt\lib\ant.jar" />
    <property name="sun.stdout.encoding.ivy.instance" value="cp437" />
    <property name="java.vendor.url.bug" value="https://bugreport.java.com/bugreport/" />
    <property name="user.dir" value="C:\Users\Lake\Documents\VSCode Repositories\cs3354-f21-team12" />
    <property name="ivy.done" value="true" />
    <property name="config.build.dir" value="build" />
    <property name="path.separator.ivy.instance" value=";" />
    <property name="ivy.local.default.ivy.pattern.ivy.instance" value="[organisation]/[module]/[revision]/[type]s/[artifact].[ext]" />
    <property name="ivy.report.output.pattern.ivy.instance" value="[organisation]-[module]-[conf].[ext]" />
    <property name="ivy.resolver.default.check.modified" value="false" />
    <property name="ivy.log.modules.in.use.ivy.instance" value="false" />
    <property name="ivy.targets.copied" value="false" />
    <property name="java.vm.version" value="11.0.12+8-LTS-237" />
    <property name="java.home.ivy.instance" value="C:\Program Files\Java\jdk-11.0.12" />
    <property name="dist.jar.filename" value="jedit5.6.0install.jar" />
    <property name="ivy.shared.default.artifact.pattern" value="[organisation]/[module]/[revision]/[type]s/[artifact].[ext]" />
    <property name="ivy.settings.url" value="file:/C:/Users/Lake/Documents/VSCode%20Repositories/cs3354-f21-team12/build/ivysettings.xml" />
    <property name="ivy.build.artifacts.dir" value="C:\Users\Lake\Documents\VSCode Repositories\cs3354-f21-team12/build/artifacts" />
    <property name="ivy.resolved.configurations" value="default, master, compile, runtime, test, provided, sources, javadoc, ant-contrib, docbook, fop, launch4j, scripting, default-plugins, appbundler" />
    <property name="ivy.conf.url" value="file:/C:/Users/Lake/Documents/VSCode%20Repositories/cs3354-f21-team12/build/ivysettings.xml" />
  </properties>
  <testcase classname="org.gjt.sp.jedit.textarea.ScreenLineManagerTest" name="contentInserted1AtEndBigArray" time="0.121" />
  <testcase classname="org.gjt.sp.jedit.textarea.ScreenLineManagerTest" name="contentInserted1lineAtStartSmallArray" time="0.008" />
  <testcase classname="org.gjt.sp.jedit.textarea.ScreenLineManagerTest" name="contentInserted4lineInMiddleSmallArray" time="0.001" />
  <testcase classname="org.gjt.sp.jedit.textarea.ScreenLineManagerTest" name="contentInserted0LineInMiddleSmallArray" time="0.001" />
  <testcase classname="org.gjt.sp.jedit.textarea.ScreenLineManagerTest" name="contentInserted1InMiddleSmallArray" time="0.001" />
  <testcase classname="org.gjt.sp.jedit.textarea.ScreenLineManagerTest" name="contentRemoved2lineInMiddle" time="0.002" />
  <testcase classname="org.gjt.sp.jedit.textarea.ScreenLineManagerTest" name="contentInserted0LineAtStartBigArray" time="0.002" />
  <testcase classname="org.gjt.sp.jedit.textarea.ScreenLineManagerTest" name="isScreenLineCountValidNegative" time="0.0" />
  <testcase classname="org.gjt.sp.jedit.textarea.ScreenLineManagerTest" name="setScreenLineCount" time="0.001" />
  <testcase classname="org.gjt.sp.jedit.textarea.ScreenLineManagerTest" name="contentRemoved1InMiddle" time="0.003" />
  <testcase classname="org.gjt.sp.jedit.textarea.ScreenLineManagerTest" name="contentRemoved0LineInMiddle" time="0.002" />
  <testcase classname="org.gjt.sp.jedit.textarea.ScreenLineManagerTest" name="contentInserted0LineInMiddleBigArray" time="0.001" />
  <testcase classname="org.gjt.sp.jedit.textarea.ScreenLineManagerTest" name="contentInserted0LineAtEndSmallArray" time="0.001" />
  <testcase classname="org.gjt.sp.jedit.textarea.ScreenLineManagerTest" name="isScreenLineCountValidNull" time="0.002" />
  <testcase classname="org.gjt.sp.jedit.textarea.ScreenLineManagerTest" name="isScreenLineCountValidOverLimit" time="0.002" />
  <testcase classname="org.gjt.sp.jedit.textarea.ScreenLineManagerTest" name="contentInserted1AtEndSmallArray" time="0.001" />
  <testcase classname="org.gjt.sp.jedit.textarea.ScreenLineManagerTest" name="invalidateScreenLineCounts" time="0.001" />
  <testcase classname="org.gjt.sp.jedit.textarea.ScreenLineManagerTest" name="contentRemoved0LineAtEnd" time="0.002" />
  <testcase classname="org.gjt.sp.jedit.textarea.ScreenLineManagerTest" name="contentInserted4lineInMiddleBigArray" time="0.002" />
  <testcase classname="org.gjt.sp.jedit.textarea.ScreenLineManagerTest" name="contentRemoved1lineAtStart" time="0.001" />
  <testcase classname="org.gjt.sp.jedit.textarea.ScreenLineManagerTest" name="contentInserted4lineAtStartBigArray" time="0.001" />
  <testcase classname="org.gjt.sp.jedit.textarea.ScreenLineManagerTest" name="contentRemoved2lineAtStart" time="0.001" />
  <testcase classname="org.gjt.sp.jedit.textarea.ScreenLineManagerTest" name="contentInserted1InMiddleBigArray" time="0.002" />
  <testcase classname="org.gjt.sp.jedit.textarea.ScreenLineManagerTest" name="contentInserted4lineAtStartSmallArray" time="0.001" />
  <testcase classname="org.gjt.sp.jedit.textarea.ScreenLineManagerTest" name="contentInserted0LineAtEndBigArray" time="0.001" />
  <testcase classname="org.gjt.sp.jedit.textarea.ScreenLineManagerTest" name="contentInserted4lineAtEndSmallArray" time="0.001" />
  <testcase classname="org.gjt.sp.jedit.textarea.ScreenLineManagerTest" name="contentInserted4lineAtEndBigArray" time="0.001" />
  <testcase classname="org.gjt.sp.jedit.textarea.ScreenLineManagerTest" name="contentInserted1lineAtStartBigArray" time="0.001" />
  <testcase classname="org.gjt.sp.jedit.textarea.ScreenLineManagerTest" name="contentRemoved0LineAtStart" time="0.001" />
  <testcase classname="org.gjt.sp.jedit.textarea.ScreenLineManagerTest" name="contentInserted0LineAtStartSmallArray" time="0.001" />
  <system-out><![CDATA[]]></system-out>
  <system-err><![CDATA[]]></system-err>
</testsuite>
